c:\graphics programming\gp1_directx_starter\source\tempfiles\debug\directx.pch
c:\graphics programming\gp1_directx_starter\source\tempfiles\debug\vc143.pdb
c:\graphics programming\gp1_directx_starter\source\tempfiles\debug\vc143.idb
c:\graphics programming\gp1_directx_starter\source\tempfiles\debug\pch.obj
c:\graphics programming\gp1_directx_starter\source\tempfiles\debug\vector4.obj
c:\graphics programming\gp1_directx_starter\source\tempfiles\debug\vector3.obj
c:\graphics programming\gp1_directx_starter\source\tempfiles\debug\vector2.obj
c:\graphics programming\gp1_directx_starter\source\tempfiles\debug\main.obj
c:\graphics programming\gp1_directx_starter\source\tempfiles\debug\timer.obj
c:\graphics programming\gp1_directx_starter\source\tempfiles\debug\shaders.obj
c:\graphics programming\gp1_directx_starter\source\tempfiles\debug\renderer.obj
c:\graphics programming\gp1_directx_starter\source\tempfiles\debug\matrix.obj
c:\graphics programming\gp1_directx_starter\bin\debug\directx.exe
c:\graphics programming\gp1_directx_starter\source\tempfiles\debug\directx.ilk
c:\graphics programming\gp1_directx_starter\bin\debug\directx.pdb
c:\graphics programming\gp1_directx_starter\source\..\bin\debug\directx.pdb
c:\graphics programming\gp1_directx_starter\source\tempfiles\debug\directx.tlog\cl.command.1.tlog
c:\graphics programming\gp1_directx_starter\source\tempfiles\debug\directx.tlog\cl.items.tlog
c:\graphics programming\gp1_directx_starter\source\tempfiles\debug\directx.tlog\cl.read.1.tlog
c:\graphics programming\gp1_directx_starter\source\tempfiles\debug\directx.tlog\cl.write.1.tlog
c:\graphics programming\gp1_directx_starter\source\tempfiles\debug\directx.tlog\link.command.1.tlog
c:\graphics programming\gp1_directx_starter\source\tempfiles\debug\directx.tlog\link.read.1.tlog
c:\graphics programming\gp1_directx_starter\source\tempfiles\debug\directx.tlog\link.write.1.tlog
